Using pre-set license
Built from '2021.2/staging' branch; Version is '2021.2.10f1 (ee872746220e) revision 15632167'; Using compiler version '192829333'; Build Type 'Release'
OS: 'Windows 11  (10.0.22000) 64bit Core' Language: 'en' Physical Memory: 15776 MB
BatchMode: 1, IsHumanControllingUs: 0, StartBugReporterOnCrash: 0, Is64bit: 1, IsPro: 0

COMMAND LINE ARGUMENTS:
C:\Program Files\Unity\Hub\Editor\2021.2.10f1\Editor\Unity.exe
-adb2
-batchMode
-noUpm
-name
AssetImportWorker2
-projectPath
C:/Users/mosqu/Downloads/alv
-logFile
Logs/AssetImportWorker2.log
-srvPort
61782
Successfully changed project path to: C:/Users/mosqu/Downloads/alv
C:/Users/mosqu/Downloads/alv
[UnityMemory] Configuration Parameters - Can be set up in boot.config
    "memorysetup-bucket-allocator-granularity=16"
    "memorysetup-bucket-allocator-bucket-count=8"
    "memorysetup-bucket-allocator-block-size=33554432"
    "memorysetup-bucket-allocator-block-count=8"
    "memorysetup-main-allocator-block-size=16777216"
    "memorysetup-thread-allocator-block-size=16777216"
    "memorysetup-gfx-main-allocator-block-size=16777216"
    "memorysetup-gfx-thread-allocator-block-size=16777216"
    "memorysetup-cache-allocator-block-size=4194304"
    "memorysetup-typetree-allocator-block-size=2097152"
    "memorysetup-profiler-bucket-allocator-granularity=16"
    "memorysetup-profiler-bucket-allocator-bucket-count=8"
    "memorysetup-profiler-bucket-allocator-block-size=33554432"
    "memorysetup-profiler-bucket-allocator-block-count=8"
    "memorysetup-profiler-allocator-block-size=16777216"
    "memorysetup-profiler-editor-allocator-block-size=1048576"
    "memorysetup-temp-allocator-size-main=16777216"
    "memorysetup-job-temp-allocator-block-size=2097152"
    "memorysetup-job-temp-allocator-block-size-background=1048576"
    "memorysetup-job-temp-allocator-reduction-small-platforms=262144"
    "memorysetup-temp-allocator-size-background-worker=32768"
    "memorysetup-temp-allocator-size-job-worker=262144"
    "memorysetup-temp-allocator-size-preload-manager=33554432"
    "memorysetup-temp-allocator-size-nav-mesh-worker=65536"
    "memorysetup-temp-allocator-size-audio-worker=65536"
    "memorysetup-temp-allocator-size-cloud-worker=32768"
    "memorysetup-temp-allocator-size-gi-baking-worker=262144"
    "memorysetup-temp-allocator-size-gfx=262144"
Refreshing native plugins compatible for Editor in 65.89 ms, found 3 plugins.
Preloading 0 native plugins for Editor in 0.00 ms.
Initialize engine version: 2021.2.10f1 (ee872746220e)
[Subsystems] Discovering subsystems at path C:/Program Files/Unity/Hub/Editor/2021.2.10f1/Editor/Data/Resources/UnitySubsystems
[Subsystems] Discovering subsystems at path C:/Users/mosqu/Downloads/alv/Assets
GfxDevice: creating device client; threaded=0; jobified=0
Direct3D:
    Version:  Direct3D 11.0 [level 11.1]
    Renderer: NVIDIA GeForce RTX 3050 Ti Laptop GPU (ID=0x25a0)
    Vendor:   NVIDIA
    VRAM:     3990 MB
    Driver:   30.0.14.9649
Initialize mono
Mono path[0] = 'C:/Program Files/Unity/Hub/Editor/2021.2.10f1/Editor/Data/Managed'
Mono path[1] = 'C:/Program Files/Unity/Hub/Editor/2021.2.10f1/Editor/Data/MonoBleedingEdge/lib/mono/unityjit-win32'
Mono config path = 'C:/Program Files/Unity/Hub/Editor/2021.2.10f1/Editor/Data/MonoBleedingEdge/etc'
Using monoOptions --debugger-agent=transport=dt_socket,embedding=1,server=y,suspend=n,address=127.0.0.1:56364
Begin MonoManager ReloadAssembly
Registering precompiled unity dll's ...
Register platform support module: C:/Program Files/Unity/Hub/Editor/2021.2.10f1/Editor/Data/PlaybackEngines/WindowsStandaloneSupport/UnityEditor.WindowsStandalone.Extensions.dll
Registered in 0.003610 seconds.
Native extension for WindowsStandalone target not found
Refreshing native plugins compatible for Editor in 61.14 ms, found 3 plugins.
Preloading 0 native plugins for Editor in 0.00 ms.
Mono: successfully reloaded assembly
- Completed reload, in  0.500 seconds
Domain Reload Profiling:
	ReloadAssembly (501ms)
		BeginReloadAssembly (62ms)
			ExecutionOrderSort (0ms)
			DisableScriptedObjects (0ms)
			BackupInstance (0ms)
			ReleaseScriptingObjects (0ms)
			CreateAndSetChildDomain (1ms)
		EndReloadAssembly (375ms)
			LoadAssemblies (60ms)
			RebuildTransferFunctionScriptingTraits (0ms)
			SetupTypeCache (85ms)
			ReleaseScriptCaches (0ms)
			RebuildScriptCaches (21ms)
			SetupLoadedEditorAssemblies (225ms)
				LogAssemblyErrors (0ms)
				InitializePlatformSupportModulesInManaged (12ms)
				SetLoadedEditorAssemblies (0ms)
				RefreshPlugins (61ms)
				BeforeProcessingInitializeOnLoad (1ms)
				ProcessInitializeOnLoadAttributes (110ms)
				ProcessInitializeOnLoadMethodAttributes (40ms)
				AfterProcessingInitializeOnLoad (0ms)
				EditorAssembliesLoaded (0ms)
			ExecutionOrderSort2 (0ms)
			AwakeInstancesAfterBackupRestoration (0ms)
Platform modules already initialized, skipping
Registering precompiled user dll's ...
Registered in 0.005254 seconds.
Begin MonoManager ReloadAssembly
Native extension for WindowsStandalone target not found
Refreshing native plugins compatible for Editor in 61.81 ms, found 3 plugins.
Preloading 0 native plugins for Editor in 0.00 ms.
Mono: successfully reloaded assembly
- Completed reload, in  1.392 seconds
Domain Reload Profiling:
	ReloadAssembly (1393ms)
		BeginReloadAssembly (90ms)
			ExecutionOrderSort (0ms)
			DisableScriptedObjects (5ms)
			BackupInstance (0ms)
			ReleaseScriptingObjects (0ms)
			CreateAndSetChildDomain (18ms)
		EndReloadAssembly (1226ms)
			LoadAssemblies (67ms)
			RebuildTransferFunctionScriptingTraits (0ms)
			SetupTypeCache (189ms)
			ReleaseScriptCaches (1ms)
			RebuildScriptCaches (51ms)
			SetupLoadedEditorAssemblies (878ms)
				LogAssemblyErrors (0ms)
				InitializePlatformSupportModulesInManaged (10ms)
				SetLoadedEditorAssemblies (0ms)
				RefreshPlugins (62ms)
				BeforeProcessingInitializeOnLoad (77ms)
				ProcessInitializeOnLoadAttributes (651ms)
				ProcessInitializeOnLoadMethodAttributes (73ms)
				AfterProcessingInitializeOnLoad (5ms)
				EditorAssembliesLoaded (0ms)
			ExecutionOrderSort2 (0ms)
			AwakeInstancesAfterBackupRestoration (4ms)
Platform modules already initialized, skipping
========================================================================
Worker process is ready to serve import requests
Launched and connected shader compiler UnityShaderCompiler.exe after 0.05 seconds
Refreshing native plugins compatible for Editor in 1.14 ms, found 3 plugins.
Preloading 0 native plugins for Editor in 0.00 ms.
Unloading 4141 Unused Serialized files (Serialized files now loaded: 0)
Unloading 52 unused Assets / (0.8 MB). Loaded Objects now: 4598.
Memory consumption went from 182.9 MB to 182.2 MB.
Total: 4.898900 ms (FindLiveObjects: 0.338700 ms CreateObjectMapping: 0.254200 ms MarkObjects: 3.989500 ms  DeleteObjects: 0.315200 ms)

AssetImportParameters requested are different than current active one (requested -> active):
  custom:video-decoder-ogg-theora: a1e56fd34408186e4bbccfd4996cb3dc -> 
  custom:container-muxer-webm: aa71ff27fc2769a1b78a27578f13a17b -> 
  custom:container-demuxer-webm: 4f35f7cbe854078d1ac9338744f61a02 -> 
  custom:video-encoder-webm-vp8: eb34c28f22e8b96e1ab97ce403110664 -> 
  custom:video-codec-MediaFoundation-h265: 746d11721c4dcdbdad8f713fa42b33f4 -> 
  custom:audio-encoder-webm-vorbis: bf7c407c2cedff20999df2af8eb42d56 -> 
  custom:framework-win-MediaFoundation: 216162199b28c13a410421893ffa2e32 -> 
  custom:container-demuxer-ogg: 62fdf1f143b41e24485cea50d1cbac27 -> 
  custom:video-decoder-webm-vp8: 9c59270c3fd7afecdb556c50c9e8de78 -> 
  custom:audio-decoder-ogg-vorbis: bf7c407c2cedff20999df2af8eb42d56 -> 
========================================================================
Received Import Request.
  Time since last request: 384526.498428 seconds.
  path: Assets/Recursos/Otros/Warped City Assets/Artwork/ENVIRONMENT/props/banner-sushi/banner-sushi-2.png
  artifactKey: Guid(ea1214dcca59c4b5aa083ef4f735407c) Importer(815301076,1909f56bfc062723c751e8b465ee728b)
Start importing Assets/Recursos/Otros/Warped City Assets/Artwork/ENVIRONMENT/props/banner-sushi/banner-sushi-2.png using Guid(ea1214dcca59c4b5aa083ef4f735407c) Importer(815301076,1909f56bfc062723c751e8b465ee728b)  -> (artifact id: '2a92da669d0afcaa79ac6453606ace1b') in 0.101902 seconds 
========================================================================
Received Import Request.
  Time since last request: 0.060809 seconds.
  path: Assets/Recursos/Otros/Warped City Assets/Artwork/ENVIRONMENT/props/banner-small.png
  artifactKey: Guid(9edee812d1564448d9a52b0472611b90) Importer(815301076,1909f56bfc062723c751e8b465ee728b)
Start importing Assets/Recursos/Otros/Warped City Assets/Artwork/ENVIRONMENT/props/banner-small.png using Guid(9edee812d1564448d9a52b0472611b90) Importer(815301076,1909f56bfc062723c751e8b465ee728b)  -> (artifact id: 'c7e08d9849602edcfe21cac93cd5939b') in 0.019332 seconds 
========================================================================
Received Import Request.
  Time since last request: 0.910587 seconds.
  path: Assets/Recursos/Otros/Warped City Assets/Artwork/ENVIRONMENT/props/banner-side/banner-side-3.png
  artifactKey: Guid(5420c579b50cd47158e6c73fdad1bd7b) Importer(815301076,1909f56bfc062723c751e8b465ee728b)
Start importing Assets/Recursos/Otros/Warped City Assets/Artwork/ENVIRONMENT/props/banner-side/banner-side-3.png using Guid(5420c579b50cd47158e6c73fdad1bd7b) Importer(815301076,1909f56bfc062723c751e8b465ee728b)  -> (artifact id: 'e030b673f22bdb226c65b7ce14a8dc63') in 0.022090 seconds 
========================================================================
Received Import Request.
  Time since last request: 0.141549 seconds.
  path: Assets/Recursos/Otros/Warped City 2/Artwork/Environment/props/banner-a/banner-a1.png
  artifactKey: Guid(60b6c5ce95e6c4521812260e6a16c197) Importer(815301076,1909f56bfc062723c751e8b465ee728b)
Start importing Assets/Recursos/Otros/Warped City 2/Artwork/Environment/props/banner-a/banner-a1.png using Guid(60b6c5ce95e6c4521812260e6a16c197) Importer(815301076,1909f56bfc062723c751e8b465ee728b)  -> (artifact id: 'c5e775d1e096ae1353200a70f2ac8a97') in 0.026572 seconds 
========================================================================
Received Import Request.
  Time since last request: 0.000020 seconds.
  path: Assets/Recursos/Otros/Warped City 2/Artwork/Environment/props/banner-b/banner-b1.png
  artifactKey: Guid(20ce485b239644478b559950ddad51ee) Importer(815301076,1909f56bfc062723c751e8b465ee728b)
Start importing Assets/Recursos/Otros/Warped City 2/Artwork/Environment/props/banner-b/banner-b1.png using Guid(20ce485b239644478b559950ddad51ee) Importer(815301076,1909f56bfc062723c751e8b465ee728b)  -> (artifact id: 'f7d98701de100ed2e829817dd19c48c9') in 0.023769 seconds 
========================================================================
Received Import Request.
  Time since last request: 0.000025 seconds.
  path: Assets/Recursos/Otros/Warped City 2/Artwork/Environment/props/banner-b/banner-b2.png
  artifactKey: Guid(cdcf11b1ff39e4b2ca68e69072528a11) Importer(815301076,1909f56bfc062723c751e8b465ee728b)
Start importing Assets/Recursos/Otros/Warped City 2/Artwork/Environment/props/banner-b/banner-b2.png using Guid(cdcf11b1ff39e4b2ca68e69072528a11) Importer(815301076,1909f56bfc062723c751e8b465ee728b)  -> (artifact id: 'df860692b1f222d7f59f4497f0c26e63') in 0.017449 seconds 
========================================================================
Received Import Request.
  Time since last request: 0.000045 seconds.
  path: Assets/Recursos/Otros/Warped City 2/Artwork/Environment/background/back.png
  artifactKey: Guid(27967ee1f727640d3a07da062fa83401) Importer(815301076,1909f56bfc062723c751e8b465ee728b)
Start importing Assets/Recursos/Otros/Warped City 2/Artwork/Environment/background/back.png using Guid(27967ee1f727640d3a07da062fa83401) Importer(815301076,1909f56bfc062723c751e8b465ee728b)  -> (artifact id: '7d9b3e5af5467a4bd24063484a650e22') in 0.027663 seconds 
Editor requested this worker to shutdown with reason: Scaling down because of idle timeout
AssetImportWorker is now disconnected from the server
Process exiting
Exiting without the bug reporter. Application will terminate with return code 0